time="2023-04-24T16:10:21+06:00" level=info msg="Create server in link: http://localhost:3333/home" func="main.toStart()" file="main.go:17"
time="2023-04-24T16:10:21+06:00" level=info msg="serve css files" func="main.toStart()" file="main.go:21"
time="2023-04-24T16:10:23+06:00" level=info msg="Create page for home" func="ascii_art_web/function.GetHome()" file="home.go:14"
time="2023-04-24T16:10:29+06:00" level=info msg="Create page for home" func="ascii_art_web/function.GetHome()" file="home.go:14"
time="2023-04-24T16:10:40+06:00" level=info msg="Create page for home" func="ascii_art_web/function.GetHome()" file="home.go:14"
time="2023-04-24T16:10:40+06:00" level=info msg="Create page for home" func="ascii_art_web/function.GetHome()" file="home.go:14"
time="2023-04-24T16:10:40+06:00" level=info msg="Create page for home" func="ascii_art_web/function.GetHome()" file="home.go:14"
time="2023-04-24T16:13:39+06:00" level=info msg="Create server in link: http://localhost:3333/home" func="main.toStart()" file="main.go:17"
time="2023-04-24T16:13:39+06:00" level=info msg="serve css files" func="main.toStart()" file="main.go:21"
time="2023-04-24T16:13:41+06:00" level=info msg="Create page for home" func="ascii_art_web/function.GetHome()" file="home.go:14"
time="2023-04-24T16:44:22+06:00" level=info msg="Create server in link: http://localhost:3333/home" func="main.toStart()" file="main.go:17"
time="2023-04-24T16:44:22+06:00" level=info msg="serve css files" func="main.toStart()" file="main.go:21"
time="2023-04-24T16:44:26+06:00" level=info msg="Create page for home" func="ascii_art_web/function.GetHome()" file="home.go:18"
time="2023-04-24T16:44:30+06:00" level=info msg="Create page for home" func="ascii_art_web/function.GetHome()" file="home.go:18"
time="2023-04-24T16:44:31+06:00" level=info msg="Create page for home" func="ascii_art_web/function.GetHome()" file="home.go:18"
time="2023-04-24T16:46:01+06:00" level=info msg="Create page for home" func="ascii_art_web/function.GetHome()" file="home.go:18"
time="2023-04-24T16:46:02+06:00" level=info msg="Create page for home" func="ascii_art_web/function.GetHome()" file="home.go:18"
time="2023-04-24T16:46:02+06:00" level=info msg="Create page for home" func="ascii_art_web/function.GetHome()" file="home.go:18"
time="2023-04-24T16:46:02+06:00" level=info msg="Create page for home" func="ascii_art_web/function.GetHome()" file="home.go:18"
time="2023-04-24T16:46:03+06:00" level=info msg="Create page for home" func="ascii_art_web/function.GetHome()" file="home.go:18"
time="2023-04-24T16:46:03+06:00" level=info msg="Create page for home" func="ascii_art_web/function.GetHome()" file="home.go:18"
time="2023-04-24T16:46:03+06:00" level=info msg="Create page for home" func="ascii_art_web/function.GetHome()" file="home.go:18"
time="2023-04-24T16:46:03+06:00" level=info msg="Create page for home" func="ascii_art_web/function.GetHome()" file="home.go:18"
time="2023-04-24T16:46:12+06:00" level=info msg="Create page for home" func="ascii_art_web/function.GetHome()" file="home.go:18"
time="2023-04-24T16:46:14+06:00" level=info msg="Create page for home" func="ascii_art_web/function.GetHome()" file="home.go:18"
time="2023-04-24T17:11:41+06:00" level=info msg="Create server in link: http://localhost:3333/home" func="main.toStart()" file="main.go:17"
time="2023-04-24T17:11:41+06:00" level=info msg="serve css files" func="main.toStart()" file="main.go:21"
time="2023-04-24T17:11:48+06:00" level=info msg="Create page for home" func="ascii_art_web/function.GetHome()" file="home.go:18"
time="2023-04-24T17:11:49+06:00" level=info msg="Create page for home" func="ascii_art_web/function.GetHome()" file="home.go:18"
time="2023-04-24T17:11:50+06:00" level=info msg="Create page for home" func="ascii_art_web/function.GetHome()" file="home.go:18"
time="2023-04-24T17:11:50+06:00" level=info msg="Create page for home" func="ascii_art_web/function.GetHome()" file="home.go:18"
time="2023-04-24T17:25:11+06:00" level=info msg="Create page for home" func="ascii_art_web/function.GetHome()" file="home.go:18"
time="2023-04-24T17:25:11+06:00" level=info msg="Create page for home" func="ascii_art_web/function.GetHome()" file="home.go:18"
time="2023-04-24T17:25:12+06:00" level=info msg="Create page for home" func="ascii_art_web/function.GetHome()" file="home.go:18"
time="2023-04-25T11:36:09+06:00" level=info msg="Create server in link: http://localhost:3333/home" func="main.toStart()" file="main.go:17"
time="2023-04-25T11:36:09+06:00" level=info msg="serve css files" func="main.toStart()" file="main.go:21"
time="2023-04-25T11:36:11+06:00" level=info msg="Create page for home" func="ascii_art_web/function.GetHome()" file="home.go:19"
time="2023-04-25T11:37:33+06:00" level=info msg="Create server in link: http://localhost:3333/home" func="main.toStart()" file="main.go:18"
time="2023-04-25T11:37:33+06:00" level=info msg="serve css files" func="main.toStart()" file="main.go:22"
time="2023-04-25T11:37:35+06:00" level=info msg="Create page for home" func="ascii_art_web/function.GetHome()" file="home.go:19"
time="2023-04-25T11:37:37+06:00" level=info msg="error: banner should not be changed" func="ascii_art_web/ascii.Ascii()" file="asciiArt.go:71"
time="2023-04-25T11:37:37+06:00" level=info msg="error:error: banner should not be changed" func="ascii_art_web/function.GetAscii()" file="home.go:68"
time="2023-04-25T11:37:47+06:00" level=info msg="error: banner should not be changed" func="ascii_art_web/ascii.Ascii()" file="asciiArt.go:71"
time="2023-04-25T11:37:47+06:00" level=info msg="error:error: banner should not be changed" func="ascii_art_web/function.GetAscii()" file="home.go:68"
time="2023-04-25T11:37:49+06:00" level=info msg="error: banner should not be changed" func="ascii_art_web/ascii.Ascii()" file="asciiArt.go:71"
time="2023-04-25T11:37:49+06:00" level=info msg="error:error: banner should not be changed" func="ascii_art_web/function.GetAscii()" file="home.go:42"
time="2023-04-25T11:40:17+06:00" level=info msg="Create server in link: http://localhost:3333/home" func="main.toStart()" file="main.go:18"
time="2023-04-25T11:40:17+06:00" level=info msg="serve css files" func="main.toStart()" file="main.go:22"
time="2023-04-25T11:40:19+06:00" level=info msg="Create page for home" func="ascii_art_web/function.GetHome()" file="home.go:19"
time="2023-04-25T11:40:22+06:00" level=info msg="Create page home" func="ascii_art_web/function.GetAscii()" file="home.go:28"
time="2023-04-25T11:40:22+06:00" level=info msg="error: banner should not be changed" func="ascii_art_web/ascii.Ascii()" file="asciiArt.go:71"
time="2023-04-25T11:40:22+06:00" level=info msg="error:error: banner should not be changed" func="ascii_art_web/function.GetAscii()" file="home.go:69"
time="2023-04-25T11:48:29+06:00" level=info msg="Create server in link: http://localhost:3333/home" func="main.toStart()" file="main.go:18"
time="2023-04-25T11:48:29+06:00" level=info msg="serve css files" func="main.toStart()" file="main.go:22"
time="2023-04-25T11:48:31+06:00" level=info msg="Create page for home" func="ascii_art_web/function.GetHome()" file="home.go:19"
time="2023-04-25T11:48:32+06:00" level=info msg="Create page for home" func="ascii_art_web/function.GetHome()" file="home.go:19"
time="2023-04-25T11:48:32+06:00" level=info msg="Create page for home" func="ascii_art_web/function.GetHome()" file="home.go:19"
time="2023-04-25T11:48:33+06:00" level=info msg="Create page for home" func="ascii_art_web/function.GetHome()" file="home.go:19"
time="2023-04-25T11:48:34+06:00" level=info msg="Create page for home" func="ascii_art_web/function.GetHome()" file="home.go:19"
time="2023-04-25T11:48:41+06:00" level=info msg="Create page home" func="ascii_art_web/function.GetAscii()" file="home.go:28"
time="2023-04-25T11:48:41+06:00" level=info msg="error: banner should not be changed" func="ascii_art_web/ascii.Ascii()" file="asciiArt.go:71"
time="2023-04-25T11:48:41+06:00" level=info msg="error:error: banner should not be changed" func="ascii_art_web/function.GetAscii()" file="home.go:43"
time="2023-04-25T11:50:16+06:00" level=info msg="Create server in link: http://localhost:3333/home" func="main.toStart()" file="main.go:18"
time="2023-04-25T11:50:16+06:00" level=info msg="serve css files" func="main.toStart()" file="main.go:22"
time="2023-04-25T11:50:18+06:00" level=info msg="Create page for home" func="ascii_art_web/function.GetHome()" file="home.go:19"
time="2023-04-25T11:50:26+06:00" level=info msg="Create page home" func="ascii_art_web/function.GetAscii()" file="home.go:28"
time="2023-04-25T11:50:26+06:00" level=info msg="error: banner should not be changed" func="ascii_art_web/ascii.Ascii()" file="asciiArt.go:71"
time="2023-04-25T11:50:26+06:00" level=info msg="error:error: banner should not be changed" func="ascii_art_web/function.GetAscii()" file="home.go:69"
time="2023-04-25T11:50:38+06:00" level=info msg="Create page for home" func="ascii_art_web/function.GetHome()" file="home.go:19"
time="2023-04-25T11:50:40+06:00" level=info msg="Create page home" func="ascii_art_web/function.GetAscii()" file="home.go:28"
time="2023-04-25T11:50:40+06:00" level=info msg=error func="ascii_art_web/ascii.Ascii()" file="asciiArt.go:38"
time="2023-04-25T11:50:40+06:00" level=info msg=error func="ascii_art_web/ascii.Ascii()" file="asciiArt.go:38"
time="2023-04-25T11:50:40+06:00" level=info msg=error func="ascii_art_web/ascii.Ascii()" file="asciiArt.go:38"
time="2023-04-25T11:50:44+06:00" level=info msg="Create page home" func="ascii_art_web/function.GetAscii()" file="home.go:28"
time="2023-04-25T11:50:44+06:00" level=info msg="error: banner should not be changed" func="ascii_art_web/ascii.Ascii()" file="asciiArt.go:71"
time="2023-04-25T11:50:44+06:00" level=info msg="error:error: banner should not be changed" func="ascii_art_web/function.GetAscii()" file="home.go:43"
time="2023-04-25T11:50:50+06:00" level=info msg="Create page home" func="ascii_art_web/function.GetAscii()" file="home.go:28"
time="2023-04-25T11:50:50+06:00" level=info msg="error: banner should not be changed" func="ascii_art_web/ascii.Ascii()" file="asciiArt.go:71"
time="2023-04-25T11:50:50+06:00" level=info msg="error:error: banner should not be changed" func="ascii_art_web/function.GetAscii()" file="home.go:43"
time="2023-04-25T11:50:52+06:00" level=info msg="Create page home" func="ascii_art_web/function.GetAscii()" file="home.go:28"
time="2023-04-25T11:50:52+06:00" level=info msg="error: banner should not be changed" func="ascii_art_web/ascii.Ascii()" file="asciiArt.go:71"
time="2023-04-25T11:50:52+06:00" level=info msg="error:error: banner should not be changed" func="ascii_art_web/function.GetAscii()" file="home.go:69"
time="2023-04-25T11:54:52+06:00" level=info msg="Create server in link: http://localhost:3333/home" func="main.toStart()" file="main.go:18"
time="2023-04-25T11:54:52+06:00" level=info msg="serve css files" func="main.toStart()" file="main.go:22"
time="2023-04-25T11:54:53+06:00" level=info msg="Create page for home" func="ascii_art_web/function.GetHome()" file="home.go:19"
time="2023-04-25T11:54:56+06:00" level=info msg="Create page home" func="ascii_art_web/function.GetAscii()" file="home.go:28"
time="2023-04-25T11:54:56+06:00" level=info msg="error: banner should not be changed" func="ascii_art_web/ascii.Ascii()" file="asciiArt.go:48"
time="2023-04-25T11:54:56+06:00" level=info msg="error:error: banner should not be changed" func="ascii_art_web/function.GetAscii()" file="home.go:69"
time="2023-04-25T11:57:28+06:00" level=info msg="Create server in link: http://localhost:3333/home" func="main.toStart()" file="main.go:18"
time="2023-04-25T11:57:28+06:00" level=info msg="serve css files" func="main.toStart()" file="main.go:22"
time="2023-04-25T11:57:30+06:00" level=info msg="Create page for home" func="ascii_art_web/function.GetHome()" file="home.go:19"
time="2023-04-25T11:57:34+06:00" level=info msg="Create page home" func="ascii_art_web/function.GetAscii()" file="home.go:28"
time="2023-04-25T11:57:34+06:00" level=info msg="error: banner should not be changed" func="ascii_art_web/ascii.Ascii()" file="asciiArt.go:49"
time="2023-04-25T11:57:34+06:00" level=info msg="error:error: banner should not be changed" func="ascii_art_web/function.GetAscii()" file="home.go:69"
time="2023-04-25T11:59:15+06:00" level=info msg="Create server in link: http://localhost:3333/home" func="main.toStart()" file="main.go:18"
time="2023-04-25T11:59:15+06:00" level=info msg="serve css files" func="main.toStart()" file="main.go:22"
time="2023-04-25T11:59:16+06:00" level=info msg="Create page for home" func="ascii_art_web/function.GetHome()" file="home.go:19"
time="2023-04-25T11:59:18+06:00" level=info msg="Create page home" func="ascii_art_web/function.GetAscii()" file="home.go:28"
time="2023-04-25T11:59:18+06:00" level=info msg="error: banner should not be changed" func="ascii_art_web/ascii.Ascii()" file="asciiArt.go:50"
time="2023-04-25T11:59:18+06:00" level=info msg="error:error: banner should not be changed" func="ascii_art_web/function.GetAscii()" file="home.go:69"
time="2023-04-25T12:01:37+06:00" level=info msg="Create server in link: http://localhost:3333/home" func="main.toStart()" file="main.go:18"
time="2023-04-25T12:01:37+06:00" level=info msg="serve css files" func="main.toStart()" file="main.go:22"
time="2023-04-25T12:01:38+06:00" level=info msg="Create page for home" func="ascii_art_web/function.GetHome()" file="home.go:19"
time="2023-04-25T12:01:43+06:00" level=info msg="Create page home" func="ascii_art_web/function.GetAscii()" file="home.go:28"
time="2023-04-25T12:01:43+06:00" level=info msg="error: banner should not be changed" func="ascii_art_web/ascii.Ascii()" file="asciiArt.go:50"
time="2023-04-25T12:01:43+06:00" level=info msg="error:error: banner should not be changed" func="ascii_art_web/function.GetAscii()" file="home.go:69"
time="2023-04-25T12:02:49+06:00" level=info msg="Create server in link: http://localhost:3333/home" func="main.toStart()" file="main.go:18"
time="2023-04-25T12:02:49+06:00" level=info msg="serve css files" func="main.toStart()" file="main.go:22"
time="2023-04-25T12:02:50+06:00" level=info msg="Create page for home" func="ascii_art_web/function.GetHome()" file="home.go:19"
time="2023-04-25T12:02:52+06:00" level=info msg="Create page home" func="ascii_art_web/function.GetAscii()" file="home.go:28"
time="2023-04-25T12:02:52+06:00" level=info msg="error:error: banner should not be changed" func="ascii_art_web/function.GetAscii()" file="home.go:69"
time="2023-04-25T12:03:36+06:00" level=info msg="Create server in link: http://localhost:3333/home" func="main.toStart()" file="main.go:18"
time="2023-04-25T12:03:36+06:00" level=info msg="serve css files" func="main.toStart()" file="main.go:22"
time="2023-04-25T12:03:37+06:00" level=info msg="Create page for home" func="ascii_art_web/function.GetHome()" file="home.go:19"
time="2023-04-25T12:03:39+06:00" level=info msg="Create page home" func="ascii_art_web/function.GetAscii()" file="home.go:28"
time="2023-04-25T12:03:56+06:00" level=info msg="Create page home" func="ascii_art_web/function.GetAscii()" file="home.go:28"
time="2023-04-25T12:04:24+06:00" level=info msg="Create page for home" func="ascii_art_web/function.GetHome()" file="home.go:19"
time="2023-04-25T12:04:25+06:00" level=info msg="Create page for home" func="ascii_art_web/function.GetHome()" file="home.go:19"
time="2023-04-25T12:04:32+06:00" level=info msg="Create page home" func="ascii_art_web/function.GetAscii()" file="home.go:28"
time="2023-04-25T12:04:37+06:00" level=info msg="Create page home" func="ascii_art_web/function.GetAscii()" file="home.go:28"
time="2023-04-25T12:04:45+06:00" level=info msg="Create page home" func="ascii_art_web/function.GetAscii()" file="home.go:28"
time="2023-04-25T12:04:45+06:00" level=info msg="error: not ASCII character" func="ascii_art_web/ascii.Ascii()" file="asciiArt.go:35"
time="2023-04-25T12:04:45+06:00" level=info msg="error:error: not ASCII character" func="ascii_art_web/function.GetAscii()" file="home.go:69"
time="2023-04-25T12:04:50+06:00" level=info msg="Create page home" func="ascii_art_web/function.GetAscii()" file="home.go:28"
time="2023-04-25T12:04:56+06:00" level=info msg="Create page home" func="ascii_art_web/function.GetAscii()" file="home.go:28"
time="2023-04-25T12:05:01+06:00" level=info msg="Create page for home" func="ascii_art_web/function.GetHome()" file="home.go:19"
time="2023-04-25T12:05:02+06:00" level=info msg="Create page for home" func="ascii_art_web/function.GetHome()" file="home.go:19"
time="2023-04-25T12:12:53+06:00" level=info msg="Create server in link: http://localhost:3333/home" func="main.toStart()" file="main.go:18"
time="2023-04-25T12:12:53+06:00" level=info msg="serve css files" func="main.toStart()" file="main.go:22"
time="2023-04-25T12:12:54+06:00" level=info msg="Create page for home" func="ascii_art_web/function.GetHome()" file="home.go:19"
time="2023-04-25T12:12:56+06:00" level=info msg="Create page for home" func="ascii_art_web/function.GetHome()" file="home.go:19"
time="2023-04-25T12:12:57+06:00" level=info msg="Create page for home" func="ascii_art_web/function.GetHome()" file="home.go:19"
time="2023-04-25T12:12:57+06:00" level=info msg="Create page for home" func="ascii_art_web/function.GetHome()" file="home.go:19"
time="2023-04-25T12:13:03+06:00" level=info msg="Create page for home" func="ascii_art_web/function.GetHome()" file="home.go:19"
time="2023-04-25T12:13:07+06:00" level=info msg="Create page for home" func="ascii_art_web/function.GetHome()" file="home.go:19"
time="2023-04-25T12:13:10+06:00" level=info msg="Create page home" func="ascii_art_web/function.GetAscii()" file="home.go:28"
time="2023-04-25T12:13:11+06:00" level=info msg="Create page for home" func="ascii_art_web/function.GetHome()" file="home.go:19"
time="2023-04-25T12:13:15+06:00" level=info msg="Create page home" func="ascii_art_web/function.GetAscii()" file="home.go:28"
time="2023-04-25T12:13:17+06:00" level=info msg="Create page for home" func="ascii_art_web/function.GetHome()" file="home.go:19"
time="2023-04-25T12:13:25+06:00" level=info msg="Create page home" func="ascii_art_web/function.GetAscii()" file="home.go:28"
time="2023-04-25T12:13:32+06:00" level=info msg="Create page for home" func="ascii_art_web/function.GetHome()" file="home.go:19"
time="2023-04-25T12:13:35+06:00" level=info msg="Create page for home" func="ascii_art_web/function.GetHome()" file="home.go:19"
time="2023-04-25T12:13:39+06:00" level=info msg="Create page for home" func="ascii_art_web/function.GetHome()" file="home.go:19"
time="2023-04-25T12:13:44+06:00" level=info msg="Create page for home" func="ascii_art_web/function.GetHome()" file="home.go:19"
time="2023-04-25T12:13:46+06:00" level=info msg="Create page for home" func="ascii_art_web/function.GetHome()" file="home.go:19"
time="2023-04-25T12:13:48+06:00" level=info msg="Create page home" func="ascii_art_web/function.GetAscii()" file="home.go:28"
time="2023-04-25T12:13:50+06:00" level=info msg="Create page for home" func="ascii_art_web/function.GetHome()" file="home.go:19"
time="2023-04-25T12:13:51+06:00" level=info msg="Create page for home" func="ascii_art_web/function.GetHome()" file="home.go:19"
time="2023-04-25T12:13:51+06:00" level=info msg="Create page for home" func="ascii_art_web/function.GetHome()" file="home.go:19"
time="2023-04-25T12:13:51+06:00" level=info msg="Create page for home" func="ascii_art_web/function.GetHome()" file="home.go:19"
time="2023-04-25T12:13:51+06:00" level=info msg="Create page for home" func="ascii_art_web/function.GetHome()" file="home.go:19"
time="2023-04-25T12:13:52+06:00" level=info msg="Create page for home" func="ascii_art_web/function.GetHome()" file="home.go:19"
time="2023-04-25T12:13:52+06:00" level=info msg="Create page for home" func="ascii_art_web/function.GetHome()" file="home.go:19"
time="2023-04-25T12:13:52+06:00" level=info msg="Create page for home" func="ascii_art_web/function.GetHome()" file="home.go:19"
time="2023-04-25T12:13:52+06:00" level=info msg="Create page for home" func="ascii_art_web/function.GetHome()" file="home.go:19"
time="2023-04-25T12:13:57+06:00" level=info msg="Create page home" func="ascii_art_web/function.GetAscii()" file="home.go:28"
time="2023-04-25T12:13:58+06:00" level=info msg="Create page for home" func="ascii_art_web/function.GetHome()" file="home.go:19"
time="2023-04-25T12:14:04+06:00" level=info msg="Create page for home" func="ascii_art_web/function.GetHome()" file="home.go:19"
time="2023-04-25T12:14:04+06:00" level=info msg="Create page for home" func="ascii_art_web/function.GetHome()" file="home.go:19"
time="2023-04-25T12:14:05+06:00" level=info msg="Create page for home" func="ascii_art_web/function.GetHome()" file="home.go:19"
time="2023-04-25T12:14:17+06:00" level=info msg="Create page home" func="ascii_art_web/function.GetAscii()" file="home.go:28"
time="2023-04-25T12:14:18+06:00" level=info msg="Create page for home" func="ascii_art_web/function.GetHome()" file="home.go:19"
time="2023-04-25T12:14:19+06:00" level=info msg="Create page for home" func="ascii_art_web/function.GetHome()" file="home.go:19"
time="2023-04-25T12:14:22+06:00" level=info msg="Create page for home" func="ascii_art_web/function.GetHome()" file="home.go:19"
time="2023-04-25T12:14:23+06:00" level=info msg="Create page for home" func="ascii_art_web/function.GetHome()" file="home.go:19"
time="2023-04-25T12:15:29+06:00" level=info msg="Create page for home" func="ascii_art_web/function.GetHome()" file="home.go:19"
time="2023-04-25T12:15:30+06:00" level=info msg="Create page for home" func="ascii_art_web/function.GetHome()" file="home.go:19"
time="2023-04-25T12:15:31+06:00" level=info msg="Create page for home" func="ascii_art_web/function.GetHome()" file="home.go:19"
time="2023-04-25T12:15:31+06:00" level=info msg="Create page for home" func="ascii_art_web/function.GetHome()" file="home.go:19"
time="2023-04-25T12:15:31+06:00" level=info msg="Create page for home" func="ascii_art_web/function.GetHome()" file="home.go:19"
time="2023-04-25T12:15:31+06:00" level=info msg="Create page for home" func="ascii_art_web/function.GetHome()" file="home.go:19"
time="2023-04-25T12:15:31+06:00" level=info msg="Create page for home" func="ascii_art_web/function.GetHome()" file="home.go:19"
time="2023-04-25T12:15:32+06:00" level=info msg="Create page for home" func="ascii_art_web/function.GetHome()" file="home.go:19"
time="2023-04-25T12:15:32+06:00" level=info msg="Create page for home" func="ascii_art_web/function.GetHome()" file="home.go:19"
time="2023-04-25T12:15:32+06:00" level=info msg="Create page for home" func="ascii_art_web/function.GetHome()" file="home.go:19"
time="2023-04-25T12:15:32+06:00" level=info msg="Create page for home" func="ascii_art_web/function.GetHome()" file="home.go:19"
time="2023-04-25T12:15:36+06:00" level=info msg="Create page home" func="ascii_art_web/function.GetAscii()" file="home.go:28"
time="2023-04-25T12:15:38+06:00" level=info msg="Create page for home" func="ascii_art_web/function.GetHome()" file="home.go:19"
time="2023-04-25T12:15:40+06:00" level=info msg="Create page for home" func="ascii_art_web/function.GetHome()" file="home.go:19"
time="2023-04-25T12:32:23+06:00" level=info msg="Create server in link: http://localhost:3333/home" func="main.toStart()" file="main.go:18"
time="2023-04-25T12:32:24+06:00" level=info msg="Create page for home" func="ascii_art_web/function.GetHome()" file="home.go:19"
time="2023-04-25T12:32:46+06:00" level=info msg="Create page for home" func="ascii_art_web/function.GetHome()" file="home.go:19"
time="2023-04-25T12:32:47+06:00" level=info msg="Create page for home" func="ascii_art_web/function.GetHome()" file="home.go:19"
time="2023-04-25T12:32:47+06:00" level=info msg="Create page for home" func="ascii_art_web/function.GetHome()" file="home.go:19"
time="2023-04-25T12:42:00+06:00" level=info msg="Create server in link: http://localhost:3333/home " func="main.toStart()" file="main.go:18"
time="2023-04-25T12:43:17+06:00" level=info msg="Create server in link: http://localhost:3333/home " func="main.toStart()" file="main.go:18"
time="2023-04-25T12:43:20+06:00" level=info msg="Create page for home" func="ascii_art_web/function.GetHome()" file="home.go:19"
time="2023-04-25T12:43:24+06:00" level=info msg="Create page for Ascii" func="ascii_art_web/function.GetAscii()" file="home.go:29"
time="2023-04-25T12:43:27+06:00" level=info msg="Create page for home" func="ascii_art_web/function.GetHome()" file="home.go:19"
time="2023-04-25T12:43:32+06:00" level=info msg="Create page for home" func="ascii_art_web/function.GetHome()" file="home.go:19"
time="2023-04-25T12:43:33+06:00" level=info msg="Create page for Ascii" func="ascii_art_web/function.GetAscii()" file="home.go:29"
time="2023-04-25T12:43:33+06:00" level=info msg=error func="ascii_art_web/ascii.Ascii()" file="asciiArt.go:15"
time="2023-04-25T12:43:33+06:00" level=info msg=error func="ascii_art_web/ascii.Ascii()" file="asciiArt.go:15"
time="2023-04-25T12:43:33+06:00" level=info msg=error func="ascii_art_web/ascii.Ascii()" file="asciiArt.go:15"
time="2023-04-25T12:43:36+06:00" level=info msg="Create page for Ascii" func="ascii_art_web/function.GetAscii()" file="home.go:29"
time="2023-04-25T12:43:38+06:00" level=info msg="Create page for home" func="ascii_art_web/function.GetHome()" file="home.go:19"
time="2023-04-25T12:43:40+06:00" level=info msg="Create page for home" func="ascii_art_web/function.GetHome()" file="home.go:19"
time="2023-04-25T12:43:44+06:00" level=info msg="Create page for home" func="ascii_art_web/function.GetHome()" file="home.go:19"
time="2023-04-25T12:46:28+06:00" level=info msg="Create page for Ascii" func="ascii_art_web/function.GetAscii()" file="home.go:29"
time="2023-04-25T12:46:31+06:00" level=info msg="Create page for home" func="ascii_art_web/function.GetHome()" file="home.go:19"
time="2023-04-25T12:46:36+06:00" level=info msg="Create page for home" func="ascii_art_web/function.GetHome()" file="home.go:19"
